<?xml version="1.0" encoding="UTF-8"?>
<testsuite name="LeagueAnalyzerTest" tests="1" skipped="0" failures="0" errors="0" timestamp="2020-06-13T20:19:11" hostname="admin1-HP-Notebook" time="0.008">
  <properties/>
  <testcase name="givenBattingCSVFile_WhenSortedOnSR_ShouldReturnSortedResult" classname="LeagueAnalyzerTest" time="0.008"/>
  <system-out><![CDATA[]]></system-out>
  <system-err><![CDATA[]]></system-err>
</testsuite>
